[2m[---------------][0m Using experiment name: [1mtest-2011-04-28-15-31-37[0m
[2m[---------------][0m Using as localhost: dslab-stefan.epfl.ch
[2m[---------------][0m Local host initialized.
[2m[---------------][0m Initializing host 'dslab-worf.epfl.ch'...
[2m[---------------][0m Initialization complete for host 'dslab-worf.epfl.ch'.
[2m[---------------][0m Initializing host 'dslab-picard.epfl.ch'...
[2m[---------------][0m Initialization complete for host 'dslab-picard.epfl.ch'.
[2m[---------------][0m Initializing host 'dslab-stefan.epfl.ch'...
[2m[---------------][0m Schedule verification complete.
[2m[0d 00:00:00.000][0m Running stage 1 of the experiment.
[2m[0d 00:00:05.006][0m Load balancer created for target 'base64'(1) on port 10337.
[2m[0d 00:00:05.007][0m Worker 1 created on dslab-worf.epfl.ch, port 10337 (lb. port 10337) for target 'base64'(1).
[2m[0d 00:00:05.008][0m Load balancer created for target 'basename'(1) on port 10338.
[2m[0d 00:00:05.011][0m Worker 1 created on dslab-worf.epfl.ch, port 10338 (lb. port 10338) for target 'basename'(1).
[2m[0d 00:00:05.014][0m Load balancer created for target 'cat'(1) on port 10339.
[2m[0d 00:00:05.015][0m Worker 1 created on dslab-worf.epfl.ch, port 10339 (lb. port 10339) for target 'cat'(1).
[2m[0d 00:00:05.016][0m Load balancer created for target 'chcon'(1) on port 10340.
[2m[0d 00:00:05.018][0m Worker 1 created on dslab-worf.epfl.ch, port 10340 (lb. port 10340) for target 'chcon'(1).
[2m[0d 00:00:05.020][0m Load balancer created for target 'chgrp'(1) on port 10341.
[2m[0d 00:00:05.024][0m Worker 1 created on dslab-worf.epfl.ch, port 10341 (lb. port 10341) for target 'chgrp'(1).
[2m[0d 00:00:05.026][0m Load balancer created for target 'chmod'(1) on port 10342.
[2m[0d 00:00:05.032][0m Worker 1 created on dslab-worf.epfl.ch, port 10342 (lb. port 10342) for target 'chmod'(1).
[2m[0d 00:00:05.035][0m Load balancer created for target 'chown'(1) on port 10343.
[2m[0d 00:00:05.037][0m Worker 1 created on dslab-worf.epfl.ch, port 10343 (lb. port 10343) for target 'chown'(1).
[2m[0d 00:00:05.038][0m Load balancer created for target 'chroot'(1) on port 10344.
[2m[0d 00:00:05.039][0m Worker 1 created on dslab-worf.epfl.ch, port 10344 (lb. port 10344) for target 'chroot'(1).
[2m[0d 00:00:05.043][0m Load balancer created for target 'cksum'(1) on port 10345.
[2m[0d 00:00:05.046][0m Worker 1 created on dslab-worf.epfl.ch, port 10345 (lb. port 10345) for target 'cksum'(1).
[2m[0d 00:00:05.050][0m Load balancer created for target 'comm'(1) on port 10346.
[2m[0d 00:00:05.051][0m Worker 1 created on dslab-worf.epfl.ch, port 10346 (lb. port 10346) for target 'comm'(1).
[2m[0d 00:00:05.053][0m Load balancer created for target 'cp'(1) on port 10347.
[2m[0d 00:00:05.057][0m Worker 1 created on dslab-worf.epfl.ch, port 10347 (lb. port 10347) for target 'cp'(1).
[2m[0d 00:00:05.062][0m Load balancer created for target 'csplit'(1) on port 10348.
[2m[0d 00:00:05.064][0m Worker 1 created on dslab-worf.epfl.ch, port 10348 (lb. port 10348) for target 'csplit'(1).
[2m[0d 00:00:05.066][0m Load balancer created for target 'cut'(1) on port 10349.
[2m[0d 00:00:05.068][0m Worker 1 created on dslab-worf.epfl.ch, port 10349 (lb. port 10349) for target 'cut'(1).
[2m[0d 00:00:05.073][0m Load balancer created for target 'date'(1) on port 10350.
[2m[0d 00:00:05.078][0m Worker 1 created on dslab-worf.epfl.ch, port 10350 (lb. port 10350) for target 'date'(1).
[2m[0d 00:00:05.079][0m Load balancer created for target 'dd'(1) on port 10351.
[2m[0d 00:00:05.083][0m Worker 1 created on dslab-worf.epfl.ch, port 10351 (lb. port 10351) for target 'dd'(1).
[2m[0d 00:00:05.089][0m Load balancer created for target 'df'(1) on port 10352.
[2m[0d 00:00:05.090][0m Worker 1 created on dslab-worf.epfl.ch, port 10352 (lb. port 10352) for target 'df'(1).
[2m[0d 00:00:05.097][0m Load balancer created for target 'dir'(1) on port 10353.
[2m[0d 00:00:05.101][0m Worker 1 created on dslab-worf.epfl.ch, port 10353 (lb. port 10353) for target 'dir'(1).
[2m[0d 00:00:05.103][0m Load balancer created for target 'dircolors'(1) on port 10354.
[2m[0d 00:00:05.106][0m Worker 1 created on dslab-worf.epfl.ch, port 10354 (lb. port 10354) for target 'dircolors'(1).
[2m[0d 00:00:05.111][0m Load balancer created for target 'dirname'(1) on port 10355.
[2m[0d 00:00:05.119][0m Worker 1 created on dslab-worf.epfl.ch, port 10355 (lb. port 10355) for target 'dirname'(1).
[2m[0d 00:00:05.130][0m Load balancer created for target 'du'(1) on port 10356.
[2m[0d 00:00:05.140][0m Worker 1 created on dslab-worf.epfl.ch, port 10356 (lb. port 10356) for target 'du'(1).
[2m[0d 00:00:05.142][0m Load balancer created for target 'echo'(1) on port 10357.
[2m[0d 00:00:05.146][0m Worker 1 created on dslab-worf.epfl.ch, port 10357 (lb. port 10357) for target 'echo'(1).
[2m[0d 00:00:05.148][0m Load balancer created for target 'env'(1) on port 10358.
[2m[0d 00:00:05.153][0m Worker 1 created on dslab-worf.epfl.ch, port 10358 (lb. port 10358) for target 'env'(1).
[2m[0d 00:00:05.155][0m Load balancer created for target 'expand'(1) on port 10359.
[2m[0d 00:00:05.168][0m Worker 1 created on dslab-worf.epfl.ch, port 10359 (lb. port 10359) for target 'expand'(1).
[2m[0d 00:00:05.174][0m Load balancer created for target 'expr'(1) on port 10360.
[2m[0d 00:00:05.182][0m Worker 1 created on dslab-worf.epfl.ch, port 10360 (lb. port 10360) for target 'expr'(1).
[2m[0d 00:00:05.186][0m Load balancer created for target 'factor'(1) on port 10361.
[2m[0d 00:00:05.187][0m Worker 1 created on dslab-worf.epfl.ch, port 10361 (lb. port 10361) for target 'factor'(1).
[2m[0d 00:00:05.189][0m Load balancer created for target 'false'(1) on port 10362.
[2m[0d 00:00:05.190][0m Worker 1 created on dslab-worf.epfl.ch, port 10362 (lb. port 10362) for target 'false'(1).
[2m[0d 00:00:05.192][0m Load balancer created for target 'fmt'(1) on port 10363.
[2m[0d 00:00:05.194][0m Worker 1 created on dslab-worf.epfl.ch, port 10363 (lb. port 10363) for target 'fmt'(1).
[2m[0d 00:00:05.208][0m Load balancer created for target 'fold'(1) on port 10364.
[2m[0d 00:00:05.210][0m Worker 1 created on dslab-worf.epfl.ch, port 10364 (lb. port 10364) for target 'fold'(1).
[2m[0d 00:00:05.212][0m Load balancer created for target 'ginstall'(1) on port 10365.
[2m[0d 00:00:05.214][0m Worker 1 created on dslab-worf.epfl.ch, port 10365 (lb. port 10365) for target 'ginstall'(1).
[2m[0d 00:00:05.224][0m Load balancer created for target 'head'(1) on port 10366.
[2m[0d 00:00:05.226][0m Worker 1 created on dslab-worf.epfl.ch, port 10366 (lb. port 10366) for target 'head'(1).
[2m[0d 00:00:05.228][0m Load balancer created for target 'hostid'(1) on port 10367.
[2m[0d 00:00:05.229][0m Worker 1 created on dslab-worf.epfl.ch, port 10367 (lb. port 10367) for target 'hostid'(1).
[2m[0d 00:00:05.242][0m Load balancer created for target 'id'(1) on port 10368.
[2m[0d 00:00:05.244][0m Worker 1 created on dslab-worf.epfl.ch, port 10368 (lb. port 10368) for target 'id'(1).
[2m[0d 00:00:05.248][0m Load balancer created for target 'join'(1) on port 10369.
[2m[0d 00:00:05.255][0m Worker 1 created on dslab-worf.epfl.ch, port 10369 (lb. port 10369) for target 'join'(1).
[2m[0d 00:00:05.259][0m Load balancer created for target 'kill'(1) on port 10370.
[2m[0d 00:00:05.260][0m Worker 1 created on dslab-worf.epfl.ch, port 10370 (lb. port 10370) for target 'kill'(1).
[2m[0d 00:00:05.262][0m Load balancer created for target 'link'(1) on port 10371.
[2m[0d 00:00:05.266][0m Worker 1 created on dslab-worf.epfl.ch, port 10371 (lb. port 10371) for target 'link'(1).
[2m[0d 00:00:05.267][0m Load balancer created for target 'ln'(1) on port 10372.
[2m[0d 00:00:05.268][0m Worker 1 created on dslab-worf.epfl.ch, port 10372 (lb. port 10372) for target 'ln'(1).
[2m[0d 00:00:05.270][0m Load balancer created for target 'logname'(1) on port 10373.
[2m[0d 00:00:05.275][0m Worker 1 created on dslab-worf.epfl.ch, port 10373 (lb. port 10373) for target 'logname'(1).
[2m[0d 00:00:05.278][0m Load balancer created for target 'ls'(1) on port 10374.
[2m[0d 00:00:05.282][0m Worker 1 created on dslab-worf.epfl.ch, port 10374 (lb. port 10374) for target 'ls'(1).
[2m[0d 00:00:05.287][0m Load balancer created for target 'md5sum'(1) on port 10375.
[2m[0d 00:00:05.291][0m Worker 1 created on dslab-worf.epfl.ch, port 10375 (lb. port 10375) for target 'md5sum'(1).
[2m[0d 00:00:05.295][0m Load balancer created for target 'mkdir'(1) on port 10376.
[2m[0d 00:00:05.298][0m Worker 1 created on dslab-worf.epfl.ch, port 10376 (lb. port 10376) for target 'mkdir'(1).
[2m[0d 00:00:05.309][0m Load balancer created for target 'mkfifo'(1) on port 10377.
[2m[0d 00:00:05.311][0m Worker 1 created on dslab-worf.epfl.ch, port 10377 (lb. port 10377) for target 'mkfifo'(1).
[2m[0d 00:00:05.312][0m Load balancer created for target 'mknod'(1) on port 10378.
[2m[0d 00:00:05.314][0m Worker 1 created on dslab-worf.epfl.ch, port 10378 (lb. port 10378) for target 'mknod'(1).
[2m[0d 00:00:05.315][0m Load balancer created for target 'mktemp'(1) on port 10379.
[2m[0d 00:00:05.319][0m Worker 1 created on dslab-worf.epfl.ch, port 10379 (lb. port 10379) for target 'mktemp'(1).
[2m[0d 00:00:05.320][0m Load balancer created for target 'mv'(1) on port 10380.
[2m[0d 00:00:05.328][0m Worker 1 created on dslab-worf.epfl.ch, port 10380 (lb. port 10380) for target 'mv'(1).
[2m[0d 00:00:05.331][0m Load balancer created for target 'nice'(1) on port 10381.
[2m[0d 00:00:05.333][0m Worker 1 created on dslab-worf.epfl.ch, port 10381 (lb. port 10381) for target 'nice'(1).
[2m[0d 00:00:05.336][0m Load balancer created for target 'nl'(1) on port 10382.
[2m[0d 00:00:05.337][0m Worker 1 created on dslab-worf.epfl.ch, port 10382 (lb. port 10382) for target 'nl'(1).
[2m[0d 00:00:05.341][0m Load balancer created for target 'nohup'(1) on port 10383.
[2m[0d 00:00:05.345][0m Worker 1 created on dslab-worf.epfl.ch, port 10383 (lb. port 10383) for target 'nohup'(1).
[2m[0d 00:00:05.354][0m Load balancer created for target 'od'(1) on port 10384.
[2m[0d 00:00:05.356][0m Worker 1 created on dslab-worf.epfl.ch, port 10384 (lb. port 10384) for target 'od'(1).
[2m[0d 00:10:06.032][0m Sending the SIGINT signal to the active processes...
[2m[0d 00:10:09.035][0m The load balancer for target 'mkdir'(1) terminated.
[2m[0d 00:10:09.035][0m The load balancer for target 'false'(1) terminated.
[2m[0d 00:10:09.035][0m The load balancer for target 'basename'(1) terminated.
[2m[0d 00:10:09.035][0m Worker 1 for target 'false'(1) terminated.
[2m[0d 00:10:12.039][0m The load balancer for target 'dir'(1) terminated.
[2m[0d 00:10:15.042][0m The load balancer for target 'date'(1) terminated.
[2m[0d 00:10:15.042][0m Worker 1 for target 'nohup'(1) terminated.
[2m[0d 00:10:15.042][0m The load balancer for target 'head'(1) terminated.
[2m[0d 00:10:15.042][0m The load balancer for target 'ln'(1) terminated.
[2m[0d 00:10:15.042][0m The load balancer for target 'fold'(1) terminated.
[2m[0d 00:10:15.042][0m The load balancer for target 'df'(1) terminated.
[2m[0d 00:10:15.042][0m The load balancer for target 'link'(1) terminated.
[2m[0d 00:10:15.042][0m Worker 1 for target 'chroot'(1) terminated.
[2m[0d 00:10:15.042][0m The load balancer for target 'chown'(1) terminated.
[2m[0d 00:10:15.042][0m The load balancer for target 'du'(1) terminated.
[2m[0d 00:10:15.042][0m The load balancer for target 'comm'(1) terminated.
[2m[0d 00:10:15.043][0m The load balancer for target 'echo'(1) terminated.
[2m[0d 00:10:15.043][0m The load balancer for target 'cut'(1) terminated.
[2m[0d 00:10:15.043][0m The load balancer for target 'mktemp'(1) terminated.
[2m[0d 00:10:15.043][0m The load balancer for target 'chmod'(1) terminated.
[2m[0d 00:10:15.043][0m The load balancer for target 'nohup'(1) terminated.
[2m[0d 00:10:15.043][0m The load balancer for target 'nice'(1) terminated.
[2m[0d 00:10:15.043][0m The load balancer for target 'env'(1) terminated.
[2m[0d 00:10:15.043][0m The load balancer for target 'kill'(1) terminated.
[2m[0d 00:10:15.043][0m The load balancer for target 'od'(1) terminated.
[2m[0d 00:10:15.043][0m The load balancer for target 'mv'(1) terminated.
[2m[0d 00:10:15.043][0m The load balancer for target 'ginstall'(1) terminated.
[2m[0d 00:10:15.043][0m The load balancer for target 'expr'(1) terminated.
[2m[0d 00:10:15.043][0m The load balancer for target 'cp'(1) terminated.
[2m[0d 00:10:15.043][0m The load balancer for target 'chroot'(1) terminated.
[2m[0d 00:10:15.043][0m The load balancer for target 'cat'(1) terminated.
[2m[0d 00:10:15.043][0m The load balancer for target 'dd'(1) terminated.
[2m[0d 00:10:15.043][0m The load balancer for target 'logname'(1) terminated.
[2m[0d 00:10:18.046][0m The load balancer for target 'csplit'(1) terminated.
[2m[0d 00:10:21.050][0m The load balancer for target 'id'(1) terminated.
[2m[0d 00:10:21.050][0m The load balancer for target 'fmt'(1) terminated.
[2m[0d 00:10:21.050][0m The load balancer for target 'nl'(1) terminated.
[2m[0d 00:10:21.050][0m The load balancer for target 'ls'(1) terminated.
[2m[0d 00:10:24.053][0m The load balancer for target 'expand'(1) terminated.
[2m[0d 00:10:24.053][0m The load balancer for target 'mknod'(1) terminated.
[2m[0d 00:10:24.053][0m The load balancer for target 'join'(1) terminated.
[2m[0d 00:10:24.053][0m The load balancer for target 'base64'(1) terminated.
[2m[0d 00:10:45.076][0m Worker 1 for target 'env'(1) terminated.
[2m[0d 00:10:48.079][0m Worker 1 for target 'logname'(1) terminated.
[2m[0d 00:11:15.108][0m The load balancer for target 'chcon'(1) terminated.
[2m[0d 00:11:24.118][0m Worker 1 for target 'basename'(1) terminated.
[2m[0d 00:11:30.125][0m The load balancer for target 'chgrp'(1) terminated.
[2m[0d 00:11:42.137][0m Worker 1 for target 'base64'(1) terminated.
[2m[0d 00:12:06.162][0m The load balancer for target 'dirname'(1) terminated.
[2m[0d 00:12:09.165][0m Worker 1 for target 'dd'(1) terminated.
[2m[0d 00:12:15.172][0m Worker 1 for target 'chcon'(1) terminated.
[2m[0d 00:12:15.172][0m The load balancer for target 'mkfifo'(1) terminated.
[2m[0d 00:12:21.178][0m Worker 1 for target 'id'(1) terminated.
[2m[0d 00:12:21.178][0m Worker 1 for target 'join'(1) terminated.
[2m[0d 00:12:42.200][0m Worker 1 for target 'chgrp'(1) terminated.
[2m[0d 00:13:00.219][0m Worker 1 for target 'dirname'(1) terminated.
[2m[0d 00:13:09.229][0m Worker 1 for target 'link'(1) terminated.
[2m[0d 00:13:09.229][0m Worker 1 for target 'fmt'(1) terminated.
[2m[0d 00:13:09.229][0m Worker 1 for target 'csplit'(1) terminated.
[2m[0d 00:13:09.229][0m Worker 1 for target 'cksum'(1) terminated.
[2m[0d 00:13:09.229][0m Worker 1 for target 'df'(1) terminated.
[2m[0d 00:13:09.229][0m Worker 1 for target 'nice'(1) terminated.
[2m[0d 00:13:09.229][0m Worker 1 for target 'fold'(1) terminated.
[2m[0d 00:13:09.229][0m Worker 1 for target 'ln'(1) terminated.
[2m[0d 00:13:09.229][0m Worker 1 for target 'head'(1) terminated.
[2m[0d 00:13:09.229][0m Worker 1 for target 'expand'(1) terminated.
[2m[0d 00:13:09.229][0m The load balancer for target 'cksum'(1) terminated.
[2m[0d 00:13:09.229][0m Worker 1 for target 'mkdir'(1) terminated.
[2m[0d 00:13:09.229][0m Worker 1 for target 'date'(1) terminated.
[2m[0d 00:13:09.229][0m Worker 1 for target 'cat'(1) terminated.
[2m[0d 00:13:09.229][0m Worker 1 for target 'cp'(1) terminated.
[2m[0d 00:13:09.229][0m Worker 1 for target 'dir'(1) terminated.
[2m[0d 00:13:09.229][0m Worker 1 for target 'ls'(1) terminated.
[2m[0d 00:13:09.229][0m Worker 1 for target 'mkfifo'(1) terminated.
[2m[0d 00:13:09.230][0m Worker 1 for target 'expr'(1) terminated.
[2m[0d 00:13:09.230][0m Worker 1 for target 'ginstall'(1) terminated.
[2m[0d 00:13:09.230][0m The load balancer for target 'md5sum'(1) terminated.
[2m[0d 00:13:09.230][0m Worker 1 for target 'dircolors'(1) terminated.
[2m[0d 00:13:09.230][0m The load balancer for target 'factor'(1) terminated.
[2m[0d 00:13:09.230][0m Worker 1 for target 'mknod'(1) terminated.
[2m[0d 00:13:09.230][0m Worker 1 for target 'mv'(1) terminated.
[2m[0d 00:13:09.230][0m Worker 1 for target 'od'(1) terminated.
[2m[0d 00:13:09.230][0m Worker 1 for target 'hostid'(1) terminated.
[2m[0d 00:13:09.230][0m Worker 1 for target 'kill'(1) terminated.
[2m[0d 00:13:09.230][0m Worker 1 for target 'echo'(1) terminated.
[2m[0d 00:13:09.230][0m Worker 1 for target 'chmod'(1) terminated.
[2m[0d 00:13:09.230][0m Worker 1 for target 'mktemp'(1) terminated.
[2m[0d 00:13:09.230][0m Worker 1 for target 'cut'(1) terminated.
[2m[0d 00:13:09.230][0m Worker 1 for target 'comm'(1) terminated.
[2m[0d 00:13:09.230][0m The load balancer for target 'hostid'(1) terminated.
[2m[0d 00:13:09.230][0m Worker 1 for target 'factor'(1) terminated.
[2m[0d 00:13:09.230][0m The load balancer for target 'dircolors'(1) terminated.
[2m[0d 00:13:09.230][0m Worker 1 for target 'md5sum'(1) terminated.
[2m[0d 00:13:09.230][0m Worker 1 for target 'nl'(1) terminated.
[2m[0d 00:13:09.230][0m Worker 1 for target 'du'(1) terminated.
[2m[0d 00:13:09.230][0m Worker 1 for target 'chown'(1) terminated.
[2m[0d 00:13:09.230][0m Running stage 2 of the experiment.
[2m[0d 00:13:14.237][0m Load balancer created for target 'paste'(1) on port 10385.
[2m[0d 00:13:14.238][0m Worker 1 created on dslab-worf.epfl.ch, port 10385 (lb. port 10385) for target 'paste'(1).
[2m[0d 00:13:14.240][0m Load balancer created for target 'pathchk'(1) on port 10386.
[2m[0d 00:13:14.241][0m Worker 1 created on dslab-worf.epfl.ch, port 10386 (lb. port 10386) for target 'pathchk'(1).
[2m[0d 00:13:14.242][0m Load balancer created for target 'pinky'(1) on port 10387.
[2m[0d 00:13:14.244][0m Worker 1 created on dslab-worf.epfl.ch, port 10387 (lb. port 10387) for target 'pinky'(1).
[2m[0d 00:13:14.249][0m Load balancer created for target 'pr'(1) on port 10388.
[2m[0d 00:13:14.251][0m Worker 1 created on dslab-worf.epfl.ch, port 10388 (lb. port 10388) for target 'pr'(1).
[2m[0d 00:13:14.252][0m Load balancer created for target 'printenv'(1) on port 10389.
[2m[0d 00:13:14.254][0m Worker 1 created on dslab-worf.epfl.ch, port 10389 (lb. port 10389) for target 'printenv'(1).
[2m[0d 00:13:14.257][0m Load balancer created for target 'printf'(1) on port 10390.
[2m[0d 00:13:14.258][0m Worker 1 created on dslab-worf.epfl.ch, port 10390 (lb. port 10390) for target 'printf'(1).
[2m[0d 00:13:14.265][0m Load balancer created for target 'ptx'(1) on port 10391.
[2m[0d 00:13:14.267][0m Worker 1 created on dslab-worf.epfl.ch, port 10391 (lb. port 10391) for target 'ptx'(1).
[2m[0d 00:13:14.269][0m Load balancer created for target 'pwd'(1) on port 10392.
[2m[0d 00:13:14.270][0m Worker 1 created on dslab-worf.epfl.ch, port 10392 (lb. port 10392) for target 'pwd'(1).
[2m[0d 00:13:14.273][0m Load balancer created for target 'readlink'(1) on port 10393.
[2m[0d 00:13:14.275][0m Worker 1 created on dslab-worf.epfl.ch, port 10393 (lb. port 10393) for target 'readlink'(1).
[2m[0d 00:13:14.278][0m Load balancer created for target 'rm'(1) on port 10394.
[2m[0d 00:13:14.280][0m Worker 1 created on dslab-worf.epfl.ch, port 10394 (lb. port 10394) for target 'rm'(1).
[2m[0d 00:13:14.283][0m Load balancer created for target 'rmdir'(1) on port 10395.
[2m[0d 00:13:14.286][0m Worker 1 created on dslab-worf.epfl.ch, port 10395 (lb. port 10395) for target 'rmdir'(1).
[2m[0d 00:13:14.291][0m Load balancer created for target 'runcon'(1) on port 10396.
[2m[0d 00:13:14.293][0m Worker 1 created on dslab-worf.epfl.ch, port 10396 (lb. port 10396) for target 'runcon'(1).
[2m[0d 00:13:14.298][0m Load balancer created for target 'seq'(1) on port 10397.
[2m[0d 00:13:14.300][0m Worker 1 created on dslab-worf.epfl.ch, port 10397 (lb. port 10397) for target 'seq'(1).
[2m[0d 00:13:14.301][0m Load balancer created for target 'setuidgid'(1) on port 10398.
[2m[0d 00:13:14.305][0m Worker 1 created on dslab-worf.epfl.ch, port 10398 (lb. port 10398) for target 'setuidgid'(1).
[2m[0d 00:13:14.307][0m Load balancer created for target 'sha1sum'(1) on port 10399.
[2m[0d 00:13:14.308][0m Worker 1 created on dslab-worf.epfl.ch, port 10399 (lb. port 10399) for target 'sha1sum'(1).
[2m[0d 00:13:14.310][0m Load balancer created for target 'sha224sum'(1) on port 10400.
[2m[0d 00:13:14.312][0m Worker 1 created on dslab-worf.epfl.ch, port 10400 (lb. port 10400) for target 'sha224sum'(1).
[2m[0d 00:13:14.318][0m Load balancer created for target 'sha256sum'(1) on port 10401.
[2m[0d 00:13:14.321][0m Worker 1 created on dslab-worf.epfl.ch, port 10401 (lb. port 10401) for target 'sha256sum'(1).
[2m[0d 00:13:14.323][0m Load balancer created for target 'sha384sum'(1) on port 10402.
[2m[0d 00:13:14.325][0m Worker 1 created on dslab-worf.epfl.ch, port 10402 (lb. port 10402) for target 'sha384sum'(1).
[2m[0d 00:13:14.329][0m Load balancer created for target 'sha512sum'(1) on port 10403.
[2m[0d 00:13:14.331][0m Worker 1 created on dslab-worf.epfl.ch, port 10403 (lb. port 10403) for target 'sha512sum'(1).
[2m[0d 00:13:14.335][0m Load balancer created for target 'shred'(1) on port 10404.
[2m[0d 00:13:14.338][0m Worker 1 created on dslab-worf.epfl.ch, port 10404 (lb. port 10404) for target 'shred'(1).
[2m[0d 00:13:14.340][0m Load balancer created for target 'shuf'(1) on port 10405.
[2m[0d 00:13:14.343][0m Worker 1 created on dslab-worf.epfl.ch, port 10405 (lb. port 10405) for target 'shuf'(1).
[2m[0d 00:13:14.344][0m Load balancer created for target 'sleep'(1) on port 10406.
[2m[0d 00:13:14.349][0m Worker 1 created on dslab-worf.epfl.ch, port 10406 (lb. port 10406) for target 'sleep'(1).
[2m[0d 00:13:14.352][0m Load balancer created for target 'sort'(1) on port 10407.
[2m[0d 00:13:14.355][0m Worker 1 created on dslab-worf.epfl.ch, port 10407 (lb. port 10407) for target 'sort'(1).
[2m[0d 00:13:14.374][0m Load balancer created for target 'split'(1) on port 10408.
[2m[0d 00:13:14.376][0m Worker 1 created on dslab-worf.epfl.ch, port 10408 (lb. port 10408) for target 'split'(1).
[2m[0d 00:13:14.377][0m Load balancer created for target 'stat'(1) on port 10409.
[2m[0d 00:13:14.379][0m Worker 1 created on dslab-worf.epfl.ch, port 10409 (lb. port 10409) for target 'stat'(1).
[2m[0d 00:13:14.381][0m Load balancer created for target 'stty'(1) on port 10410.
[2m[0d 00:13:14.383][0m Worker 1 created on dslab-worf.epfl.ch, port 10410 (lb. port 10410) for target 'stty'(1).
[2m[0d 00:13:14.386][0m Load balancer created for target 'su'(1) on port 10411.
[2m[0d 00:13:14.387][0m Worker 1 created on dslab-worf.epfl.ch, port 10411 (lb. port 10411) for target 'su'(1).
[2m[0d 00:13:14.389][0m Load balancer created for target 'sum'(1) on port 10412.
[2m[0d 00:13:14.402][0m Worker 1 created on dslab-worf.epfl.ch, port 10412 (lb. port 10412) for target 'sum'(1).
[2m[0d 00:13:14.404][0m Load balancer created for target 'sync'(1) on port 10413.
[2m[0d 00:13:14.407][0m Worker 1 created on dslab-worf.epfl.ch, port 10413 (lb. port 10413) for target 'sync'(1).
[2m[0d 00:13:14.411][0m Load balancer created for target 'tac'(1) on port 10414.
[2m[0d 00:13:14.414][0m Worker 1 created on dslab-worf.epfl.ch, port 10414 (lb. port 10414) for target 'tac'(1).
[2m[0d 00:13:14.419][0m Load balancer created for target 'tail'(1) on port 10415.
[2m[0d 00:13:14.420][0m Worker 1 created on dslab-worf.epfl.ch, port 10415 (lb. port 10415) for target 'tail'(1).
[2m[0d 00:13:14.426][0m Load balancer created for target 'tee'(1) on port 10416.
[2m[0d 00:13:14.432][0m Worker 1 created on dslab-worf.epfl.ch, port 10416 (lb. port 10416) for target 'tee'(1).
[2m[0d 00:13:14.435][0m Load balancer created for target 'test'(1) on port 10417.
[2m[0d 00:13:14.436][0m Worker 1 created on dslab-worf.epfl.ch, port 10417 (lb. port 10417) for target 'test'(1).
[2m[0d 00:13:14.438][0m Load balancer created for target 'touch'(1) on port 10418.
[2m[0d 00:13:14.442][0m Worker 1 created on dslab-worf.epfl.ch, port 10418 (lb. port 10418) for target 'touch'(1).
[2m[0d 00:13:14.445][0m Load balancer created for target 'tr'(1) on port 10419.
[2m[0d 00:13:14.455][0m Worker 1 created on dslab-worf.epfl.ch, port 10419 (lb. port 10419) for target 'tr'(1).
[2m[0d 00:13:14.458][0m Load balancer created for target 'true'(1) on port 10420.
[2m[0d 00:13:14.461][0m Worker 1 created on dslab-worf.epfl.ch, port 10420 (lb. port 10420) for target 'true'(1).
[2m[0d 00:13:14.463][0m Load balancer created for target 'tsort'(1) on port 10421.
[2m[0d 00:13:14.468][0m Worker 1 created on dslab-worf.epfl.ch, port 10421 (lb. port 10421) for target 'tsort'(1).
[2m[0d 00:13:14.470][0m Load balancer created for target 'tty'(1) on port 10422.
[2m[0d 00:13:14.471][0m Worker 1 created on dslab-worf.epfl.ch, port 10422 (lb. port 10422) for target 'tty'(1).
[2m[0d 00:13:14.473][0m Load balancer created for target 'uname'(1) on port 10423.
[2m[0d 00:13:14.476][0m Worker 1 created on dslab-worf.epfl.ch, port 10423 (lb. port 10423) for target 'uname'(1).
[2m[0d 00:13:14.479][0m Load balancer created for target 'unexpand'(1) on port 10424.
[2m[0d 00:13:14.480][0m Worker 1 created on dslab-worf.epfl.ch, port 10424 (lb. port 10424) for target 'unexpand'(1).
[2m[0d 00:13:14.481][0m Load balancer created for target 'uniq'(1) on port 10425.
[2m[0d 00:13:14.484][0m Worker 1 created on dslab-worf.epfl.ch, port 10425 (lb. port 10425) for target 'uniq'(1).
[2m[0d 00:13:14.495][0m Load balancer created for target 'unlink'(1) on port 10426.
[2m[0d 00:13:14.497][0m Worker 1 created on dslab-worf.epfl.ch, port 10426 (lb. port 10426) for target 'unlink'(1).
[2m[0d 00:13:14.506][0m Load balancer created for target 'uptime'(1) on port 10427.
[2m[0d 00:13:14.508][0m Worker 1 created on dslab-worf.epfl.ch, port 10427 (lb. port 10427) for target 'uptime'(1).
[2m[0d 00:13:14.509][0m Load balancer created for target 'users'(1) on port 10428.
[2m[0d 00:13:14.510][0m Worker 1 created on dslab-worf.epfl.ch, port 10428 (lb. port 10428) for target 'users'(1).
[2m[0d 00:13:14.512][0m Load balancer created for target 'vdir'(1) on port 10429.
[2m[0d 00:13:14.516][0m Worker 1 created on dslab-worf.epfl.ch, port 10429 (lb. port 10429) for target 'vdir'(1).
[2m[0d 00:13:14.527][0m Load balancer created for target 'wc'(1) on port 10430.
[2m[0d 00:13:14.530][0m Worker 1 created on dslab-worf.epfl.ch, port 10430 (lb. port 10430) for target 'wc'(1).
[2m[0d 00:13:14.532][0m Load balancer created for target 'who'(1) on port 10431.
[2m[0d 00:13:14.537][0m Worker 1 created on dslab-worf.epfl.ch, port 10431 (lb. port 10431) for target 'who'(1).
[2m[0d 00:13:14.538][0m Load balancer created for target 'whoami'(1) on port 10432.
[2m[0d 00:13:14.546][0m Worker 1 created on dslab-worf.epfl.ch, port 10432 (lb. port 10432) for target 'whoami'(1).
[2m[0d 00:23:15.223][0m Sending the SIGINT signal to the active processes...
[2m[0d 00:23:18.227][0m The load balancer for target 'readlink'(1) terminated.
[2m[0d 00:23:18.227][0m The load balancer for target 'true'(1) terminated.
[2m[0d 00:23:18.227][0m Worker 1 for target 'true'(1) terminated.
[2m[0d 00:23:21.231][0m The load balancer for target 'vdir'(1) terminated.
[2m[0d 00:23:24.234][0m The load balancer for target 'wc'(1) terminated.
[2m[0d 00:23:24.234][0m The load balancer for target 'tail'(1) terminated.
[2m[0d 00:23:24.234][0m The load balancer for target 'who'(1) terminated.
[2m[0d 00:23:24.234][0m The load balancer for target 'tee'(1) terminated.
[2m[0d 00:23:24.235][0m The load balancer for target 'tsort'(1) terminated.
[2m[0d 00:23:24.235][0m The load balancer for target 'unexpand'(1) terminated.
[2m[0d 00:23:24.235][0m The load balancer for target 'pathchk'(1) terminated.
[2m[0d 00:23:24.235][0m The load balancer for target 'sort'(1) terminated.
[2m[0d 00:23:24.235][0m The load balancer for target 'tr'(1) terminated.
[2m[0d 00:23:24.235][0m The load balancer for target 'su'(1) terminated.
[2m[0d 00:23:24.235][0m The load balancer for target 'touch'(1) terminated.
[2m[0d 00:23:24.235][0m The load balancer for target 'seq'(1) terminated.
[2m[0d 00:23:24.235][0m The load balancer for target 'tac'(1) terminated.
[2m[0d 00:23:24.235][0m The load balancer for target 'sleep'(1) terminated.
[2m[0d 00:23:24.235][0m The load balancer for target 'unlink'(1) terminated.
[2m[0d 00:23:24.235][0m The load balancer for target 'uptime'(1) terminated.
[2m[0d 00:23:24.235][0m The load balancer for target 'printenv'(1) terminated.
[2m[0d 00:23:24.235][0m The load balancer for target 'uniq'(1) terminated.
[2m[0d 00:23:24.235][0m The load balancer for target 'stty'(1) terminated.
[2m[0d 00:23:24.235][0m The load balancer for target 'stat'(1) terminated.
[2m[0d 00:23:24.235][0m The load balancer for target 'uname'(1) terminated.
[2m[0d 00:23:30.242][0m The load balancer for target 'split'(1) terminated.
[2m[0d 00:23:30.242][0m The load balancer for target 'tty'(1) terminated.
[2m[0d 00:23:30.242][0m The load balancer for target 'pinky'(1) terminated.
[2m[0d 00:23:30.242][0m The load balancer for target 'users'(1) terminated.
[2m[0d 00:23:33.245][0m The load balancer for target 'runcon'(1) terminated.
[2m[0d 00:23:33.245][0m The load balancer for target 'pwd'(1) terminated.
[2m[0d 00:23:33.245][0m The load balancer for target 'paste'(1) terminated.
[2m[0d 00:23:39.252][0m The load balancer for target 'pr'(1) terminated.
[2m[0d 00:23:39.252][0m The load balancer for target 'rm'(1) terminated.
[2m[0d 00:23:45.259][0m The load balancer for target 'sync'(1) terminated.
[2m[0d 00:23:51.265][0m The load balancer for target 'ptx'(1) terminated.
[2m[0d 00:23:54.268][0m The load balancer for target 'test'(1) terminated.
[2m[0d 00:24:15.289][0m The load balancer for target 'setuidgid'(1) terminated.
[2m[0d 00:24:15.289][0m Worker 1 for target 'stat'(1) terminated.
[2m[0d 00:24:18.293][0m Worker 1 for target 'sleep'(1) terminated.
[2m[0d 00:24:24.299][0m Worker 1 for target 'runcon'(1) terminated.
[2m[0d 00:24:33.309][0m The load balancer for target 'shred'(1) terminated.
[2m[0d 00:24:39.315][0m The load balancer for target 'shuf'(1) terminated.
[2m[0d 00:24:45.322][0m Worker 1 for target 'tty'(1) terminated.
[2m[0d 00:25:15.352][0m Worker 1 for target 'pinky'(1) terminated.
[2m[0d 00:25:21.358][0m Worker 1 for target 'tsort'(1) terminated.
[2m[0d 00:25:21.359][0m Worker 1 for target 'printenv'(1) terminated.
[2m[0d 00:25:24.362][0m The load balancer for target 'sha256sum'(1) terminated.
[2m[0d 00:25:27.365][0m Worker 1 for target 'users'(1) terminated.
[2m[0d 00:25:42.381][0m Worker 1 for target 'touch'(1) terminated.
[2m[0d 00:26:00.399][0m Worker 1 for target 'shred'(1) terminated.
[2m[0d 00:26:06.406][0m Worker 1 for target 'unlink'(1) terminated.
[2m[0d 00:26:06.406][0m Worker 1 for target 'uptime'(1) terminated.
[2m[0d 00:26:12.412][0m Worker 1 for target 'stty'(1) terminated.
[2m[0d 00:26:15.415][0m Worker 1 for target 'setuidgid'(1) terminated.
[2m[0d 00:26:15.415][0m Worker 1 for target 'paste'(1) terminated.
[2m[0d 00:26:18.419][0m Worker 1 for target 'pr'(1) terminated.
[2m[0d 00:26:18.419][0m The load balancer for target 'printf'(1) terminated.
[2m[0d 00:26:18.419][0m Worker 1 for target 'rmdir'(1) terminated.
[2m[0d 00:26:18.419][0m Worker 1 for target 'sha256sum'(1) terminated.
[2m[0d 00:26:18.419][0m Worker 1 for target 'sync'(1) terminated.
[2m[0d 00:26:18.419][0m Worker 1 for target 'sha512sum'(1) terminated.
[2m[0d 00:26:18.419][0m Worker 1 for target 'sha384sum'(1) terminated.
[2m[0d 00:26:18.419][0m Worker 1 for target 'whoami'(1) terminated.
[2m[0d 00:26:18.419][0m Worker 1 for target 'shuf'(1) terminated.
[2m[0d 00:26:18.419][0m Worker 1 for target 'uname'(1) terminated.
[2m[0d 00:26:18.419][0m Worker 1 for target 'who'(1) terminated.
[2m[0d 00:26:18.419][0m Worker 1 for target 'tail'(1) terminated.
[2m[0d 00:26:18.419][0m Worker 1 for target 'readlink'(1) terminated.
[2m[0d 00:26:18.419][0m The load balancer for target 'whoami'(1) terminated.
[2m[0d 00:26:18.419][0m The load balancer for target 'sha384sum'(1) terminated.
[2m[0d 00:26:18.420][0m Worker 1 for target 'wc'(1) terminated.
[2m[0d 00:26:18.420][0m The load balancer for target 'sha512sum'(1) terminated.
[2m[0d 00:26:18.420][0m Worker 1 for target 'vdir'(1) terminated.
[2m[0d 00:26:18.420][0m The load balancer for target 'rmdir'(1) terminated.
[2m[0d 00:26:18.420][0m Worker 1 for target 'printf'(1) terminated.
[2m[0d 00:26:18.420][0m Worker 1 for target 'uniq'(1) terminated.
[2m[0d 00:26:18.420][0m The load balancer for target 'sha224sum'(1) terminated.
[2m[0d 00:26:18.420][0m The load balancer for target 'sum'(1) terminated.
[2m[0d 00:26:18.420][0m Worker 1 for target 'sha1sum'(1) terminated.
[2m[0d 00:26:18.420][0m Worker 1 for target 'tac'(1) terminated.
[2m[0d 00:26:18.420][0m Worker 1 for target 'pwd'(1) terminated.
[2m[0d 00:26:18.420][0m Worker 1 for target 'seq'(1) terminated.
[2m[0d 00:26:18.420][0m The load balancer for target 'sha1sum'(1) terminated.
[2m[0d 00:26:18.420][0m Worker 1 for target 'su'(1) terminated.
[2m[0d 00:26:18.420][0m Worker 1 for target 'test'(1) terminated.
[2m[0d 00:26:18.420][0m Worker 1 for target 'tee'(1) terminated.
[2m[0d 00:26:18.420][0m Worker 1 for target 'tr'(1) terminated.
[2m[0d 00:26:18.420][0m Worker 1 for target 'split'(1) terminated.
[2m[0d 00:26:18.420][0m Worker 1 for target 'rm'(1) terminated.
[2m[0d 00:26:18.420][0m Worker 1 for target 'sha224sum'(1) terminated.
[2m[0d 00:26:18.420][0m Worker 1 for target 'sum'(1) terminated.
[2m[0d 00:26:18.420][0m Worker 1 for target 'ptx'(1) terminated.
[2m[0d 00:26:18.420][0m Worker 1 for target 'sort'(1) terminated.
[2m[0d 00:26:18.420][0m Worker 1 for target 'pathchk'(1) terminated.
[2m[0d 00:26:18.420][0m Worker 1 for target 'unexpand'(1) terminated.
[2m[0d 00:26:18.420][0m Running stage 3 of the experiment.
[2m[0d 00:26:23.427][0m Load balancer created for target 'yes'(1) on port 10433.
[2m[0d 00:26:23.428][0m Worker 1 created on dslab-worf.epfl.ch, port 10433 (lb. port 10433) for target 'yes'(1).
[2m[0d 00:36:24.028][0m Sending the SIGINT signal to the active processes...
[2m[0d 00:36:33.037][0m The load balancer for target 'yes'(1) terminated.
[2m[0d 00:39:24.203][0m Worker 1 for target 'yes'(1) terminated.
